#
# There is insufficient memory for the Java Runtime Environment to continue.
# Native memory allocation (mmap) failed to map 536870912 bytes for G1 virtual space
# Possible reasons:
#   The system is out of physical RAM or swap space
#   The process is running with CompressedOops enabled, and the Java Heap may be blocking the growth of the native heap
# Possible solutions:
#   Reduce memory load on the system
#   Increase physical memory or swap space
#   Check if swap backing store is full
#   Decrease Java heap size (-Xmx/-Xms)
#   Decrease number of Java threads
#   Decrease Java thread stack sizes (-Xss)
#   Set larger code cache with -XX:ReservedCodeCacheSize=
#   JVM is running with Zero Based Compressed Oops mode in which the Java heap is
#     placed in the first 32GB address space. The Java Heap base address is the
#     maximum limit for the native heap growth. Please use -XX:HeapBaseMinAddress
#     to set the Java Heap base and to place the Java Heap above 32GB virtual address.
# This output file may be truncated or incomplete.
#
#  Out of Memory Error (os_windows.cpp:3541), pid=29376, tid=29424
#
# JRE version:  (17.0.4+8) (build )
# Java VM: OpenJDK 64-Bit Server VM (17.0.4+8, mixed mode, sharing, tiered, compressed oops, compressed class ptrs, g1 gc, windows-amd64)
# No core dump will be written. Minidumps are not enabled by default on client versions of Windows
#

---------------  S U M M A R Y ------------

Command Line: -Dfile.encoding=UTF-8 -XX:+ShowCodeDetailsInExceptionMessages boundary.MoblimApp

Host: Intel(R) Core(TM) i5-8400 CPU @ 2.80GHz, 6 cores, 31G,  Windows 10 , 64 bit Build 19041 (10.0.19041.1889)
Time: Thu Nov  3 03:44:49 2022 Malay Peninsula Standard Time elapsed time: 0.009343 seconds (0d 0h 0m 0s)

---------------  T H R E A D  ---------------

Current thread (0x000001744ab2b580):  JavaThread "Unknown thread" [_thread_in_vm, id=29424, stack(0x0000002717d00000,0x0000002717e00000)]

Stack: [0x0000002717d00000,0x0000002717e00000]
Native frames: (J=compiled Java code, j=interpreted, Vv=VM code, C=native code)
V  [jvm.dll+0x67733a]
V  [jvm.dll+0x8323c4]
V  [jvm.dll+0x833b6e]
V  [jvm.dll+0x8341d3]
V  [jvm.dll+0x2455e5]
V  [jvm.dll+0x674229]
V  [jvm.dll+0x668ab2]
V  [jvm.dll+0x30458b]
V  [jvm.dll+0x30bad6]
V  [jvm.dll+0x35ba7e]
V  [jvm.dll+0x35bcaf]
V  [jvm.dll+0x2db428]
V  [jvm.dll+0x2dc394]
V  [jvm.dll+0x803ef1]
V  [jvm.dll+0x3698d1]
V  [jvm.dll+0x7e320c]
V  [jvm.dll+0x3ec23f]
V  [jvm.dll+0x3eddc1]
C  [jli.dll+0x5277]
C  [ucrtbase.dll+0x21bb2]
C  [KERNEL32.DLL+0x17034]
C  [ntdll.dll+0x526a1]


---------------  P R O C E S S  ---------------

Threads class SMR info:
_java_thread_list=0x00007ff88a114e98, length=0, elements={
}

Java Threads: ( => current thread )

Other Threads:
  0x000001744abd9a20 GCTaskThread "GC Thread#0" [stack: 0x0000002717e00000,0x0000002717f00000] [id=29428]
  0x000001744abeb8f0 ConcurrentGCThread "G1 Main Marker" [stack: 0x0000002717f00000,0x0000002718000000] [id=29432]
  0x000001744abecaa0 ConcurrentGCThread "G1 Conc#0" [stack: 0x0000002718000000,0x0000002718100000] [id=29436]

[error occurred during error reporting (printing all threads), id 0xc0000005, EXCEPTION_ACCESS_VIOLATION (0xc0000005) at pc=0x00007ff8898ebeb7]

VM state: not at safepoint (not fully initialized)

VM Mutex/Monitor currently owned by a thread:  ([mutex/lock_event])
[0x000001744ab17430] Heap_lock - owner thread: 0x000001744ab2b580

Heap address: 0x0000000601000000, size: 8176 MB, Compressed Oops mode: Zero based, Oop shift amount: 3

CDS archive(s) mapped at: [0x0000000000000000-0x0000000000000000-0x0000000000000000), size 0, SharedBaseAddress: 0x0000000800000000, ArchiveRelocationMode: 0.
Narrow klass base: 0x0000000000000000, Narrow klass shift: 0, Narrow klass range: 0x0

GC Precious Log:
<Empty>

Heap:
 garbage-first heap   total 0K, used 0K [0x0000000601000000, 0x0000000800000000)
  region size 4096K, 0 young (0K), 0 survivors (0K)

[error occurred during error reporting (printing heap information), id 0xc0000005, EXCEPTION_ACCESS_VIOLATION (0xc0000005) at pc=0x00007ff889cd06b9]

GC Heap History (0 events):
No events

Deoptimization events (0 events):
No events

Classes unloaded (0 events):
No events

Classes redefined (0 events):
No events

Internal exceptions (0 events):
No events

VM Operations (0 events):
No events

Events (1 events):
Event: 0.006 Loaded shared library C:\Users\kangj\.p2\pool\plugins\org.eclipse.justj.openjdk.hotspot.jre.full.win32.x86_64_17.0.4.v20220805-1047\jre\bin\java.dll


Dynamic libraries:
0x00007ff6a9530000 - 0x00007ff6a953e000 	C:\Users\kangj\.p2\pool\plugins\org.eclipse.justj.openjdk.hotspot.jre.full.win32.x86_64_17.0.4.v20220805-1047\jre\bin\javaw.exe
0x00007ff91bdf0000 - 0x00007ff91bfe8000 	C:\WINDOWS\SYSTEM32\ntdll.dll
0x00007ff91ad50000 - 0x00007ff91ae0d000 	C:\WINDOWS\System32\KERNEL32.DLL
0x00007ff9199e0000 - 0x00007ff919cb2000 	C:\WINDOWS\System32\KERNELBASE.dll
0x00007ff9198b0000 - 0x00007ff9199b0000 	C:\WINDOWS\System32\ucrtbase.dll
0x00007ff90de50000 - 0x00007ff90de69000 	C:\Users\kangj\.p2\pool\plugins\org.eclipse.justj.openjdk.hotspot.jre.full.win32.x86_64_17.0.4.v20220805-1047\jre\bin\VCRUNTIME140.dll
0x00007ff906b00000 - 0x00007ff906b18000 	C:\Users\kangj\.p2\pool\plugins\org.eclipse.justj.openjdk.hotspot.jre.full.win32.x86_64_17.0.4.v20220805-1047\jre\bin\jli.dll
0x00007ff91a020000 - 0x00007ff91a1bd000 	C:\WINDOWS\System32\USER32.dll
0x00007ff903710000 - 0x00007ff9039aa000 	C:\WINDOWS\WinSxS\amd64_microsoft.windows.common-controls_6595b64144ccf1df_6.0.19041.1110_none_60b5254171f9507e\COMCTL32.dll
0x00007ff9199b0000 - 0x00007ff9199d2000 	C:\WINDOWS\System32\win32u.dll
0x00007ff91a8e0000 - 0x00007ff91a97e000 	C:\WINDOWS\System32\msvcrt.dll
0x00007ff91a520000 - 0x00007ff91a54b000 	C:\WINDOWS\System32\GDI32.dll
0x00007ff9197a0000 - 0x00007ff9198af000 	C:\WINDOWS\System32\gdi32full.dll
0x00007ff919d60000 - 0x00007ff919dfd000 	C:\WINDOWS\System32\msvcp_win.dll
0x00007ff91bb50000 - 0x00007ff91bb80000 	C:\WINDOWS\System32\IMM32.DLL
0x00007ff90f330000 - 0x00007ff90f33c000 	C:\Users\kangj\.p2\pool\plugins\org.eclipse.justj.openjdk.hotspot.jre.full.win32.x86_64_17.0.4.v20220805-1047\jre\bin\vcruntime140_1.dll
0x00007ff8d1d50000 - 0x00007ff8d1de1000 	C:\Users\kangj\.p2\pool\plugins\org.eclipse.justj.openjdk.hotspot.jre.full.win32.x86_64_17.0.4.v20220805-1047\jre\bin\msvcp140.dll
0x00007ff889600000 - 0x00007ff88a246000 	C:\Users\kangj\.p2\pool\plugins\org.eclipse.justj.openjdk.hotspot.jre.full.win32.x86_64_17.0.4.v20220805-1047\jre\bin\server\jvm.dll
0x00007ff91a830000 - 0x00007ff91a8de000 	C:\WINDOWS\System32\ADVAPI32.dll
0x00007ff919f80000 - 0x00007ff91a01c000 	C:\WINDOWS\System32\sechost.dll
0x00007ff919e50000 - 0x00007ff919f75000 	C:\WINDOWS\System32\RPCRT4.dll
0x00007ff91a710000 - 0x00007ff91a718000 	C:\WINDOWS\System32\PSAPI.DLL
0x00007ff8e20c0000 - 0x00007ff8e20c9000 	C:\WINDOWS\SYSTEM32\WSOCK32.dll
0x00007ff90ef80000 - 0x00007ff90efa7000 	C:\WINDOWS\SYSTEM32\WINMM.dll
0x00007ff9129b0000 - 0x00007ff9129ba000 	C:\WINDOWS\SYSTEM32\VERSION.dll
0x00007ff91bd40000 - 0x00007ff91bdab000 	C:\WINDOWS\System32\WS2_32.dll
0x00007ff9173e0000 - 0x00007ff9173f2000 	C:\WINDOWS\SYSTEM32\kernel.appcore.dll
0x00007ff916c90000 - 0x00007ff916c9a000 	C:\Users\kangj\.p2\pool\plugins\org.eclipse.justj.openjdk.hotspot.jre.full.win32.x86_64_17.0.4.v20220805-1047\jre\bin\jimage.dll
0x00007ff906560000 - 0x00007ff906744000 	C:\WINDOWS\SYSTEM32\DBGHELP.DLL
0x00007ff900d20000 - 0x00007ff900d4c000 	C:\WINDOWS\SYSTEM32\dbgcore.DLL
0x00007ff919710000 - 0x00007ff919792000 	C:\WINDOWS\System32\bcryptPrimitives.dll
0x00007ff90e9a0000 - 0x00007ff90e9c5000 	C:\Users\kangj\.p2\pool\plugins\org.eclipse.justj.openjdk.hotspot.jre.full.win32.x86_64_17.0.4.v20220805-1047\jre\bin\java.dll

dbghelp: loaded successfully - version: 4.0.5 - missing functions: none
symbol engine: initialized successfully - sym options: 0x614 - pdb path: .;C:\Users\kangj\.p2\pool\plugins\org.eclipse.justj.openjdk.hotspot.jre.full.win32.x86_64_17.0.4.v20220805-1047\jre\bin;C:\WINDOWS\SYSTEM32;C:\WINDOWS\WinSxS\amd64_microsoft.windows.common-controls_6595b64144ccf1df_6.0.19041.1110_none_60b5254171f9507e;C:\Users\kangj\.p2\pool\plugins\org.eclipse.justj.openjdk.hotspot.jre.full.win32.x86_64_17.0.4.v20220805-1047\jre\bin\server

VM Arguments:
jvm_args: -Dfile.encoding=UTF-8 -XX:+ShowCodeDetailsInExceptionMessages 
java_command: boundary.MoblimApp
java_class_path (initial): C:\Users\kangj\eclipse-workspace\MOvie Booking and LIsting Management Application\bin
Launcher Type: SUN_STANDARD

[Global flags]
     intx CICompilerCount                          = 3                                         {product} {ergonomic}
     uint ConcGCThreads                            = 2                                         {product} {ergonomic}
     uint G1ConcRefinementThreads                  = 6                                         {product} {ergonomic}
   size_t G1HeapRegionSize                         = 4194304                                   {product} {ergonomic}
    uintx GCDrainStackTargetSize                   = 64                                        {product} {ergonomic}
   size_t InitialHeapSize                          = 536870912                                 {product} {ergonomic}
   size_t MarkStackSize                            = 4194304                                   {product} {ergonomic}
   size_t MaxHeapSize                              = 8573157376                                {product} {ergonomic}
   size_t MinHeapDeltaBytes                        = 4194304                                   {product} {ergonomic}
   size_t MinHeapSize                              = 8388608                                   {product} {ergonomic}
    uintx NonNMethodCodeHeapSize                   = 5832780                                {pd product} {ergonomic}
    uintx NonProfiledCodeHeapSize                  = 122912730                              {pd product} {ergonomic}
    uintx ProfiledCodeHeapSize                     = 122912730                              {pd product} {ergonomic}
    uintx ReservedCodeCacheSize                    = 251658240                              {pd product} {ergonomic}
     bool SegmentedCodeCache                       = true                                      {product} {ergonomic}
     bool ShowCodeDetailsInExceptionMessages       = true                                   {manageable} {command line}
   size_t SoftMaxHeapSize                          = 8573157376                             {manageable} {ergonomic}
     bool UseCompressedClassPointers               = true                           {product lp64_product} {ergonomic}
     bool UseCompressedOops                        = true                           {product lp64_product} {ergonomic}
     bool UseG1GC                                  = true                                      {product} {ergonomic}
     bool UseLargePagesIndividualAllocation        = false                                  {pd product} {ergonomic}

Logging:
Log output configuration:
 #0: stdout all=warning uptime,level,tags
 #1: stderr all=off uptime,level,tags

Environment Variables:
PATH=C:/Users/kangj/.p2/pool/plugins/org.eclipse.justj.openjdk.hotspot.jre.full.win32.x86_64_17.0.4.v20220805-1047/jre/bin/server;C:/Users/kangj/.p2/pool/plugins/org.eclipse.justj.openjdk.hotspot.jre.full.win32.x86_64_17.0.4.v20220805-1047/jre/bin;C:\Program Files\Microsoft\jdk-11.0.12.7-hotspot\bin;C:\Program Files\Common Files\Oracle\Java\javapath;C:\WINDOWS\system32;C:\WINDOWS;C:\WINDOWS\System32\Wbem;C:\WINDOWS\System32\WindowsPowerShell\v1.0\;C:\WINDOWS\System32\OpenSSH\;C:\Program Files\NVIDIA Corporation\NVIDIA NvDLISR;C:\Program Files (x86)\NVIDIA Corporation\PhysX\Common;C:\Program Files\Git\cmd;C:\Program Files\nodejs\;C:\Program Files\dotnet\;C:\Program Files\TortoiseSVN\bin;C:\Users\kangj\AppData\Local\Pub\Cache\bin\;C:\Program Files\Microsoft SQL Server\130\Tools\Binn\;C:\Program Files\Microsoft SQL Server\Client SDK\ODBC\170\Tools\Binn\;C:\Program Files\Microsoft SQL Server\150\Tools\Binn\;C:\Program Files (x86)\Microsoft SQL Server\110\Tools\Binn\;C:\Program Files\Microsoft SQL Server\110\Tools\Binn\;C:\Program Files\Microsoft SQL Server\110\DTS\Binn\;C:\Program Files\MySQL\MySQL Shell 8.0\bin\;C:\Users\kangj\AppData\Local\Programs\Python\Python39\Scripts\;C:\Users\kangj\AppData\Local\Programs\Python\Python39\;C:\Users\kangj\AppData\Local\Microsoft\WindowsApps;C:\Users\kangj\AppData\Local\Programs\Microsoft VS Code\bin;C:\Program Files\JetBrains\PyCharm Community Edition 2021.3\bin;C:\src\flutter\bin;C:\Users\kangj\AppData\Local\Pub\Cache\bin\;C:\Users\kangj\AppData\Roaming\npm;C:\Program Files\nodejs\npm;C:\Program Files\nodejs\npm.cmd;C:\Users\kangj\.dotnet\tools;C:\Program Files\Java\jdk-18.0.2.1\bin;C:\Users\kangj\AppData\Local\JetBrains\Toolbox\scripts;C:\src\flutter\.pub-cache\bin;;C:\WINDOWS\System32;
USERNAME=KJHBryan
OS=Windows_NT
PROCESSOR_IDENTIFIER=Intel64 Family 6 Model 158 Stepping 10, GenuineIntel
TMP=C:\Users\kangj\AppData\Local\Temp
TEMP=C:\Users\kangj\AppData\Local\Temp



---------------  S Y S T E M  ---------------

OS:
 Windows 10 , 64 bit Build 19041 (10.0.19041.1889)
OS uptime: 2 days 13:04 hours

CPU: total 6 (initial active 6) (6 cores per cpu, 1 threads per core) family 6 model 158 stepping 10 microcode 0xb4, cx8, cmov, fxsr, mmx, 3dnowpref, sse, sse2, sse3, ssse3, sse4.1, sse4.2, popcnt, lzcnt, tsc, tscinvbit, avx, avx2, aes, erms, clmul, bmi1, bmi2, adx, fma, vzeroupper, clflush, clflushopt

Memory: 4k page, system-wide physical 32688M (17494M free)
TotalPageFile size 62395M (AvailPageFile size 256M)
current process WorkingSet (physical memory assigned to process): 10M, peak: 10M
current process commit charge ("private bytes"): 56M, peak: 568M

vm_info: OpenJDK 64-Bit Server VM (17.0.4+8) for windows-amd64 JRE (17.0.4+8), built on Jul 19 2022 16:05:16 by "temurin" with MS VC++ 16.7 (VS2019)

END.
